2002.12.09 16:21 B I:\Geography\WebSite\worldissues\images\logo_geo_en.jpg <-- woodroffe /woodsweb/worldissues/images logo_geo_en.jpg
2002.12.09 16:22 B I:\Geography\WebSite\worldissues\images\logo_geo_fr.jpg <-- woodroffe /woodsweb/worldissues/images logo_geo_fr.jpg
2002.12.09 16:22 B I:\Geography\WebSite\worldissues\images\wi_logo.jpg <-- woodroffe /woodsweb/worldissues/images wi_logo.jpg
2003.01.06 10:06 B I:\Geography\WebSite\worldissues\images\bg.jpg --> www.ocdsb.edu.on.ca /woodsweb/worldissues/images bg.jpg
2003.01.06 10:06 B I:\Geography\WebSite\worldissues\images\logo_geo_en.jpg --> www.ocdsb.edu.on.ca /woodsweb/worldissues/images logo_geo_en.jpg
2003.01.06 10:06 B I:\Geography\WebSite\worldissues\images\logo_geo_fr.jpg --> www.ocdsb.edu.on.ca /woodsweb/worldissues/images logo_geo_fr.jpg
2003.01.06 10:06 B I:\Geography\WebSite\worldissues\images\wi_logo.jpg --> www.ocdsb.edu.on.ca /woodsweb/worldissues/images wi_logo.jpg
2003.01.06 10:06 B I:\Geography\WebSite\worldissues\images\WS_FTP.LOG --> www.ocdsb.edu.on.ca /woodsweb/worldissues/images WS_FTP.LOG
2003.01.07 08:51 B I:\Geography\WebSite\worldissues\images\bg.jpg <-- woodsweb /woodsweb/worldissues/images bg.jpg
2003.01.07 08:51 B I:\Geography\WebSite\worldissues\images\logo_geo_en.jpg <-- woodsweb /woodsweb/worldissues/images logo_geo_en.jpg
2003.01.07 08:51 B I:\Geography\WebSite\worldissues\images\logo_geo_fr.jpg <-- woodsweb /woodsweb/worldissues/images logo_geo_fr.jpg
2003.01.07 08:51 B I:\Geography\WebSite\worldissues\images\wi_logo.cpt <-- woodsweb /woodsweb/worldissues/images wi_logo.cpt
2003.01.07 08:51 B I:\Geography\WebSite\worldissues\images\wi_logo.jpg <-- woodsweb /woodsweb/worldissues/images wi_logo.jpg
2003.01.07 08:51 B I:\Geography\WebSite\worldissues\images\wi_logo_sent.jpg <-- woodsweb /woodsweb/worldissues/images wi_logo_sent.jpg
2003.01.07 08:51 B I:\Geography\WebSite\worldissues\images\wi_logo_small.jpg <-- woodsweb /woodsweb/worldissues/images wi_logo_small.jpg
2003.01.07 09:06 B I:\Geography\WebSite\worldissues\images\back800x600.cdr --> www.ocdsb.edu.on.ca /woodsweb/worldissues/images back800x600.cdr
2003.01.07 09:06 B I:\Geography\WebSite\worldissues\images\bg8x6.jpg --> www.ocdsb.edu.on.ca /woodsweb/worldissues/images bg8x6.jpg
2003.01.07 09:06 B I:\Geography\WebSite\worldissues\images\bgwatermark.jpg --> www.ocdsb.edu.on.ca /woodsweb/worldissues/images bgwatermark.jpg
2003.01.07 09:06 B I:\Geography\WebSite\worldissues\images\WS_FTP.LOG --> www.ocdsb.edu.on.ca /woodsweb/worldissues/images WS_FTP.LOG
2003.01.08 10:25 B I:\Geography\WebSite\worldissues\images\bg8x6.jpg <-- woodsweb /woodsweb/worldissues/images bg8x6.jpg
2003.01.08 10:25 B I:\Geography\WebSite\worldissues\images\bgwatermark.jpg <-- woodsweb /woodsweb/worldissues/images bgwatermark.jpg
2003.02.13 15:33 B I:\Geography\WebSite\worldissues\images\WS_FTP.LOG <-- woodroffe /woodsweb/worldissues/images WS_FTP.LOG
