2003.02.13 15:30 B I:\Geography\WebSite\worldissues\en\m2\u2\ash\a5.pdf <-- woodroffe /woodsweb/worldissues/en/m2/u2/ash a5.pdf
2003.02.13 15:30 B I:\Geography\WebSite\worldissues\en\m2\u2\ash\ss2.pdf <-- woodroffe /woodsweb/worldissues/en/m2/u2/ash ss2.pdf
2003.02.13 15:30 B I:\Geography\WebSite\worldissues\en\m2\u2\ash\ss3.pdf <-- woodroffe /woodsweb/worldissues/en/m2/u2/ash ss3.pdf
2003.02.13 15:30 B I:\Geography\WebSite\worldissues\en\m2\u2\ash\ss4.pdf <-- woodroffe /woodsweb/worldissues/en/m2/u2/ash ss4.pdf
2003.02.13 15:30 B I:\Geography\WebSite\worldissues\en\m2\u2\ash\ss5.pdf <-- woodroffe /woodsweb/worldissues/en/m2/u2/ash ss5.pdf
2003.02.13 15:31 B I:\Geography\WebSite\worldissues\en\m2\u2\ash\ss6.pdf <-- woodroffe /woodsweb/worldissues/en/m2/u2/ash ss6.pdf
2003.02.13 15:31 B I:\Geography\WebSite\worldissues\en\m2\u2\ash\ss7.pdf <-- woodroffe /woodsweb/worldissues/en/m2/u2/ash ss7.pdf
2003.02.13 15:31 B I:\Geography\WebSite\worldissues\en\m2\u2\ash\w3.pdf <-- woodroffe /woodsweb/worldissues/en/m2/u2/ash w3.pdf
2003.02.13 15:31 B I:\Geography\WebSite\worldissues\en\m2\u2\ash\w4.pdf <-- woodroffe /woodsweb/worldissues/en/m2/u2/ash w4.pdf
2003.02.13 15:31 B I:\Geography\WebSite\worldissues\en\m2\u2\ash\w5.pdf <-- woodroffe /woodsweb/worldissues/en/m2/u2/ash w5.pdf
2003.02.13 15:31 B I:\Geography\WebSite\worldissues\en\m2\u2\ash\w6.pdf <-- woodroffe /woodsweb/worldissues/en/m2/u2/ash w6.pdf
2003.02.13 15:31 B I:\Geography\WebSite\worldissues\en\m2\u2\ash\w7.pdf <-- woodroffe /woodsweb/worldissues/en/m2/u2/ash w7.pdf
2003.02.13 15:31 B I:\Geography\WebSite\worldissues\en\m2\u2\ash\w8.pdf <-- woodroffe /woodsweb/worldissues/en/m2/u2/ash w8.pdf
2003.02.13 16:35 B I:\Geography\WebSite\worldissues\en\m2\u2\ash\WS_FTP.LOG <-- wood /woodsweb/worldissues/en/m2/u2/ash WS_FTP.LOG
2003.07.31 15:32 B C:\worldissues\en\m2\u2\ash\a5.pdf <-- ocdsb /woodsweb/worldissues/en/m2/u2/ash a5.pdf
2003.07.31 15:32 B C:\worldissues\en\m2\u2\ash\a8.pdf <-- ocdsb /woodsweb/worldissues/en/m2/u2/ash a8.pdf
2003.07.31 15:32 B C:\worldissues\en\m2\u2\ash\ss2.pdf <-- ocdsb /woodsweb/worldissues/en/m2/u2/ash ss2.pdf
2003.07.31 15:32 B C:\worldissues\en\m2\u2\ash\ss3.pdf <-- ocdsb /woodsweb/worldissues/en/m2/u2/ash ss3.pdf
2003.07.31 15:32 B C:\worldissues\en\m2\u2\ash\ss4.pdf <-- ocdsb /woodsweb/worldissues/en/m2/u2/ash ss4.pdf
2003.07.31 15:32 B C:\worldissues\en\m2\u2\ash\ss5.pdf <-- ocdsb /woodsweb/worldissues/en/m2/u2/ash ss5.pdf
2003.07.31 15:32 B C:\worldissues\en\m2\u2\ash\ss6.pdf <-- ocdsb /woodsweb/worldissues/en/m2/u2/ash ss6.pdf
2003.07.31 15:32 B C:\worldissues\en\m2\u2\ash\ss7.pdf <-- ocdsb /woodsweb/worldissues/en/m2/u2/ash ss7.pdf
2003.07.31 15:32 B C:\worldissues\en\m2\u2\ash\w3.pdf <-- ocdsb /woodsweb/worldissues/en/m2/u2/ash w3.pdf
2003.07.31 15:32 B C:\worldissues\en\m2\u2\ash\w4.pdf <-- ocdsb /woodsweb/worldissues/en/m2/u2/ash w4.pdf
2003.07.31 15:32 B C:\worldissues\en\m2\u2\ash\w5.pdf <-- ocdsb /woodsweb/worldissues/en/m2/u2/ash w5.pdf
2003.07.31 15:32 B C:\worldissues\en\m2\u2\ash\w6.pdf <-- ocdsb /woodsweb/worldissues/en/m2/u2/ash w6.pdf
2003.07.31 15:32 B C:\worldissues\en\m2\u2\ash\w7.pdf <-- ocdsb /woodsweb/worldissues/en/m2/u2/ash w7.pdf
2003.07.31 15:32 B C:\worldissues\en\m2\u2\ash\w8.pdf <-- ocdsb /woodsweb/worldissues/en/m2/u2/ash w8.pdf
