2003.02.13 15:26 B I:\Geography\WebSite\worldissues\en\m1\u1\ash\a1.pdf <-- woodroffe /woodsweb/worldissues/en/m1/u1/ash a1.pdf
2003.02.13 15:26 B I:\Geography\WebSite\worldissues\en\m1\u1\ash\a2.pdf <-- woodroffe /woodsweb/worldissues/en/m1/u1/ash a2.pdf
2003.02.13 15:26 B I:\Geography\WebSite\worldissues\en\m1\u1\ash\a3.pdf <-- woodroffe /woodsweb/worldissues/en/m1/u1/ash a3.pdf
2003.02.13 15:26 B I:\Geography\WebSite\worldissues\en\m1\u1\ash\a4.pdf <-- woodroffe /woodsweb/worldissues/en/m1/u1/ash a4.pdf
2003.02.13 15:26 B I:\Geography\WebSite\worldissues\en\m1\u1\ash\index.html <-- woodroffe /woodsweb/worldissues/en/m1/u1/ash index.html
2003.02.13 15:26 B I:\Geography\WebSite\worldissues\en\m1\u1\ash\sh1.pdf <-- woodroffe /woodsweb/worldissues/en/m1/u1/ash sh1.pdf
2003.02.13 15:26 B I:\Geography\WebSite\worldissues\en\m1\u1\ash\ss1.pdf <-- woodroffe /woodsweb/worldissues/en/m1/u1/ash ss1.pdf
2003.02.13 15:26 B I:\Geography\WebSite\worldissues\en\m1\u1\ash\ss2.pdf <-- woodroffe /woodsweb/worldissues/en/m1/u1/ash ss2.pdf
2003.02.13 15:26 B I:\Geography\WebSite\worldissues\en\m1\u1\ash\ss3.pdf <-- woodroffe /woodsweb/worldissues/en/m1/u1/ash ss3.pdf
2003.02.13 15:26 B I:\Geography\WebSite\worldissues\en\m1\u1\ash\w1.pdf <-- woodroffe /woodsweb/worldissues/en/m1/u1/ash w1.pdf
2003.02.13 15:26 B I:\Geography\WebSite\worldissues\en\m1\u1\ash\w2.pdf <-- woodroffe /woodsweb/worldissues/en/m1/u1/ash w2.pdf
2003.02.13 15:26 B I:\Geography\WebSite\worldissues\en\m1\u1\ash\w3.pdf <-- woodroffe /woodsweb/worldissues/en/m1/u1/ash w3.pdf
2003.02.13 15:26 B I:\Geography\WebSite\worldissues\en\m1\u1\ash\w4.pdf <-- woodroffe /woodsweb/worldissues/en/m1/u1/ash w4.pdf
2003.02.13 15:26 B I:\Geography\WebSite\worldissues\en\m1\u1\ash\w5.pdf <-- woodroffe /woodsweb/worldissues/en/m1/u1/ash w5.pdf
2003.02.13 15:26 B I:\Geography\WebSite\worldissues\en\m1\u1\ash\w6.pdf <-- woodroffe /woodsweb/worldissues/en/m1/u1/ash w6.pdf
2003.02.13 16:19 B I:\Geography\WebSite\worldissues\en\m1\u1\ash\WS_FTP.LOG --> www.ocdsb.edu.on.ca /School_Sites/woodsweb/worldissues/en/m1/u1/ash WS_FTP.LOG
2003.07.02 13:22 A I:\Geography\WebSite\worldissues\en\m1\u1\ash\index.html --> www.ocdsb.edu.on.ca /woodsweb/worldissues/en/m1/u1/ash index.html
2003.07.02 13:22 A I:\Geography\WebSite\worldissues\en\m1\u1\ash\index.html --> www.ocdsb.edu.on.ca /woodsweb/worldissues/en/m1/u1/ash index.html
2003.07.02 14:20 A I:\Geography\WebSite\worldissues\en\m1\u1\ash\index.html --> www.ocdsb.edu.on.ca /woodsweb/worldissues/en/m1/u1/ash index.html
2003.07.31 15:30 B C:\worldissues\en\m1\u1\ash\a1.pdf <-- ocdsb /woodsweb/worldissues/en/m1/u1/ash a1.pdf
2003.07.31 15:30 B C:\worldissues\en\m1\u1\ash\a2.pdf <-- ocdsb /woodsweb/worldissues/en/m1/u1/ash a2.pdf
2003.07.31 15:30 B C:\worldissues\en\m1\u1\ash\a3.pdf <-- ocdsb /woodsweb/worldissues/en/m1/u1/ash a3.pdf
2003.07.31 15:30 B C:\worldissues\en\m1\u1\ash\a4.pdf <-- ocdsb /woodsweb/worldissues/en/m1/u1/ash a4.pdf
2003.07.31 15:30 B C:\worldissues\en\m1\u1\ash\sh1.pdf <-- ocdsb /woodsweb/worldissues/en/m1/u1/ash sh1.pdf
2003.07.31 15:30 B C:\worldissues\en\m1\u1\ash\w1.pdf <-- ocdsb /woodsweb/worldissues/en/m1/u1/ash w1.pdf
2003.07.31 15:30 B C:\worldissues\en\m1\u1\ash\w2.pdf <-- ocdsb /woodsweb/worldissues/en/m1/u1/ash w2.pdf
2003.07.31 15:30 B C:\worldissues\en\m1\u1\ash\w3.pdf <-- ocdsb /woodsweb/worldissues/en/m1/u1/ash w3.pdf
2003.07.31 15:30 B C:\worldissues\en\m1\u1\ash\w4.pdf <-- ocdsb /woodsweb/worldissues/en/m1/u1/ash w4.pdf
2003.07.31 15:30 B C:\worldissues\en\m1\u1\ash\w5.pdf <-- ocdsb /woodsweb/worldissues/en/m1/u1/ash w5.pdf
2003.07.31 15:30 B C:\worldissues\en\m1\u1\ash\w6.pdf <-- ocdsb /woodsweb/worldissues/en/m1/u1/ash w6.pdf
