2003.01.08 10:25 A I:\Geography\WebSite\worldissues\en\m1\u3\bottom.html <-- woodsweb /woodsweb/worldissues/en/m1/u3 bottom.html
2003.01.08 10:25 A I:\Geography\WebSite\worldissues\en\m1\u3\index.html <-- woodsweb /woodsweb/worldissues/en/m1/u3 index.html
2003.01.08 10:25 A I:\Geography\WebSite\worldissues\en\m1\u3\middle.html <-- woodsweb /woodsweb/worldissues/en/m1/u3 middle.html
2003.01.08 10:25 A I:\Geography\WebSite\worldissues\en\m1\u3\top.html <-- woodsweb /woodsweb/worldissues/en/m1/u3 top.html
2003.01.08 10:44 A I:\Geography\WebSite\worldissues\en\m1\u3\bottom.html --> www.ocdsb.edu.on.ca /woodsweb/worldissues/en/m1/u3 bottom.html
2003.01.08 10:44 A I:\Geography\WebSite\worldissues\en\m1\u3\index.html --> www.ocdsb.edu.on.ca /woodsweb/worldissues/en/m1/u3 index.html
2003.01.08 10:44 B I:\Geography\WebSite\worldissues\en\m1\u3\WS_FTP.LOG --> www.ocdsb.edu.on.ca /woodsweb/worldissues/en/m1/u3 WS_FTP.LOG
2003.01.08 17:24 A I:\Geography\WebSite\worldissues\en\m1\u3\bottom.html --> www.ocdsb.edu.on.ca /woodsweb/worldissues/en/m1/u3 bottom.html
2003.01.08 17:24 A I:\Geography\WebSite\worldissues\en\m1\u3\top.html --> www.ocdsb.edu.on.ca /woodsweb/worldissues/en/m1/u3 top.html
2003.01.08 17:24 B I:\Geography\WebSite\worldissues\en\m1\u3\WS_FTP.LOG --> www.ocdsb.edu.on.ca /woodsweb/worldissues/en/m1/u3 WS_FTP.LOG
2003.01.08 17:35 B I:\Geography\WebSite\worldissues\en\m1\u3\WS_FTP.LOG --> www.ocdsb.edu.on.ca /woodsweb/worldissues/en/m1/u3 WS_FTP.LOG
2003.01.08 17:45 A I:\Geography\WebSite\worldissues\en\m1\u3\top.html --> www.ocdsb.edu.on.ca /woodsweb/worldissues/en/m1/u3 top.html
2003.01.08 17:45 B I:\Geography\WebSite\worldissues\en\m1\u3\WS_FTP.LOG --> www.ocdsb.edu.on.ca /woodsweb/worldissues/en/m1/u3 WS_FTP.LOG
2003.01.08 17:50 A I:\Geography\WebSite\worldissues\en\m1\u3\bottom.html --> www.ocdsb.edu.on.ca /woodsweb/worldissues/en/en/m1/u3 bottom.html
2003.01.08 17:50 A I:\Geography\WebSite\worldissues\en\m1\u3\index.html --> www.ocdsb.edu.on.ca /woodsweb/worldissues/en/en/m1/u3 index.html
2003.01.08 17:50 A I:\Geography\WebSite\worldissues\en\m1\u3\middle.html --> www.ocdsb.edu.on.ca /woodsweb/worldissues/en/en/m1/u3 middle.html
2003.01.08 17:50 A I:\Geography\WebSite\worldissues\en\m1\u3\top.html --> www.ocdsb.edu.on.ca /woodsweb/worldissues/en/en/m1/u3 top.html
2003.01.08 17:50 B I:\Geography\WebSite\worldissues\en\m1\u3\WS_FTP.LOG --> www.ocdsb.edu.on.ca /woodsweb/worldissues/en/en/m1/u3 WS_FTP.LOG
2003.01.08 17:56 A I:\Geography\WebSite\worldissues\en\m1\u3\top.html --> www.ocdsb.edu.on.ca /woodsweb/worldissues/en/m1/u3 top.html
2003.01.08 17:56 B I:\Geography\WebSite\worldissues\en\m1\u3\WS_FTP.LOG --> www.ocdsb.edu.on.ca /woodsweb/worldissues/en/m1/u3 WS_FTP.LOG
2003.01.08 18:11 A I:\Geography\WebSite\worldissues\en\m1\u3\bottom.html --> www.ocdsb.edu.on.ca /woodsweb/worldissues/en/m1/u3 bottom.html
2003.01.08 18:11 A I:\Geography\WebSite\worldissues\en\m1\u3\index.html --> www.ocdsb.edu.on.ca /woodsweb/worldissues/en/m1/u3 index.html
2003.01.08 18:11 B I:\Geography\WebSite\worldissues\en\m1\u3\WS_FTP.LOG --> www.ocdsb.edu.on.ca /woodsweb/worldissues/en/m1/u3 WS_FTP.LOG
2003.01.15 18:49 A I:\Geography\WebSite\worldissues\en\m1\u3\index.html --> www.ocdsb.edu.on.ca /woodsweb/worldissues/en/m1/u3 index.html
2003.01.15 19:05 B I:\Geography\WebSite\worldissues\en\m1\u3\WS_FTP.LOG --> www.ocdsb.edu.on.ca /woodsweb/worldissues/en/m1/u3 WS_FTP.LOG
2003.02.13 15:28 B I:\Geography\WebSite\worldissues\en\m1\u3\WS_FTP.LOG <-- woodroffe /woodsweb/worldissues/en/m1/u3 WS_FTP.LOG
2003.02.13 16:35 B I:\Geography\WebSite\worldissues\en\m1\u3\WS_FTP.LOG <-- wood /woodsweb/worldissues/en/m1/u3 WS_FTP.LOG
2003.06.02 17:38 B I:\Geography\WebSite\worldissues\fr\m1\u3\index.html <-- woodroffe /woodsweb/worldissues/fr/m1/u3 index.html
2003.06.02 17:38 B I:\Geography\WebSite\worldissues\fr\m1\u3\top.html <-- woodroffe /woodsweb/worldissues/fr/m1/u3 top.html
2003.06.02 17:38 B I:\Geography\WebSite\worldissues\fr\m1\u3\index.html --> www.ocdsb.edu.on.ca /woodsweb/worldissues/fr/m1/u3 index.html
2003.06.02 17:40 B I:\Geography\WebSite\worldissues\fr\m1\u3\top.html --> www.ocdsb.edu.on.ca /woodsweb/worldissues/fr/m1/u3 top.html
2003.06.02 18:54 B I:\Geography\WebSite\worldissues\fr\m1\u3\top.html <-- woodroffe /woodsweb/worldissues/fr/m1/u3 top.html
2003.06.02 18:55 B I:\Geography\WebSite\worldissues\fr\m1\u3\top.html --> www.ocdsb.edu.on.ca /woodsweb/worldissues/fr/m1/u3 top.html
2003.06.02 18:55 B I:\Geography\WebSite\worldissues\fr\m1\u3\top.html --> www.ocdsb.edu.on.ca /woodsweb/worldissues/fr/m1/u3 top.html
2003.06.02 19:16 B I:\Geography\WebSite\worldissues\fr\m1\u3\bottom.html --> www.ocdsb.edu.on.ca /woodsweb/worldissues/fr/m1/u3 bottom.html
2003.06.02 19:16 B I:\Geography\WebSite\worldissues\fr\m1\u3\top.html --> www.ocdsb.edu.on.ca /woodsweb/worldissues/fr/m1/u3 top.html
2003.07.02 14:21 A I:\Geography\WebSite\worldissues\fr\m1\u3\index.html --> www.ocdsb.edu.on.ca /woodsweb/worldissues/fr/m1/u3 index.html
