2003.01.08 10:25 A I:\Geography\WebSite\worldissues\en\m1\bottom.html <-- woodsweb /woodsweb/worldissues/en/m1 bottom.html
2003.01.08 10:25 A I:\Geography\WebSite\worldissues\en\m1\index.html <-- woodsweb /woodsweb/worldissues/en/m1 index.html
2003.01.08 10:25 A I:\Geography\WebSite\worldissues\en\m1\middle.html <-- woodsweb /woodsweb/worldissues/en/m1 middle.html
2003.01.08 10:25 A I:\Geography\WebSite\worldissues\en\m1\top.html <-- woodsweb /woodsweb/worldissues/en/m1 top.html
2003.01.08 10:40 A I:\Geography\WebSite\worldissues\en\m1\bottom.html --> www.ocdsb.edu.on.ca /woodsweb/worldissues/en/m1 bottom.html
2003.01.08 10:40 A I:\Geography\WebSite\worldissues\en\m1\index.html --> www.ocdsb.edu.on.ca /woodsweb/worldissues/en/m1 index.html
2003.01.08 10:40 A I:\Geography\WebSite\worldissues\en\m1\middle.html --> www.ocdsb.edu.on.ca /woodsweb/worldissues/en/m1 middle.html
2003.01.08 10:40 A I:\Geography\WebSite\worldissues\en\m1\top.html --> www.ocdsb.edu.on.ca /woodsweb/worldissues/en/m1 top.html
2003.01.08 17:24 A I:\Geography\WebSite\worldissues\en\m1\bottom.html --> www.ocdsb.edu.on.ca /woodsweb/worldissues/en/m1 bottom.html
2003.01.08 17:24 A I:\Geography\WebSite\worldissues\en\m1\index.html --> www.ocdsb.edu.on.ca /woodsweb/worldissues/en/m1 index.html
2003.01.08 17:24 A I:\Geography\WebSite\worldissues\en\m1\top.html --> www.ocdsb.edu.on.ca /woodsweb/worldissues/en/m1 top.html
2003.01.08 17:24 B I:\Geography\WebSite\worldissues\en\m1\WS_FTP.LOG --> www.ocdsb.edu.on.ca /woodsweb/worldissues/en/m1 WS_FTP.LOG
2003.01.08 17:35 B I:\Geography\WebSite\worldissues\en\m1\WS_FTP.LOG --> www.ocdsb.edu.on.ca /woodsweb/worldissues/en/m1 WS_FTP.LOG
2003.01.08 17:45 A I:\Geography\WebSite\worldissues\en\m1\index.html --> www.ocdsb.edu.on.ca /woodsweb/worldissues/en/m1 index.html
2003.01.08 17:45 A I:\Geography\WebSite\worldissues\en\m1\top.html --> www.ocdsb.edu.on.ca /woodsweb/worldissues/en/m1 top.html
2003.01.08 17:45 B I:\Geography\WebSite\worldissues\en\m1\WS_FTP.LOG --> www.ocdsb.edu.on.ca /woodsweb/worldissues/en/m1 WS_FTP.LOG
2003.01.08 17:50 A I:\Geography\WebSite\worldissues\en\m1\bottom.html --> www.ocdsb.edu.on.ca /woodsweb/worldissues/en/en/m1 bottom.html
2003.01.08 17:50 A I:\Geography\WebSite\worldissues\en\m1\index.html --> www.ocdsb.edu.on.ca /woodsweb/worldissues/en/en/m1 index.html
2003.01.08 17:50 A I:\Geography\WebSite\worldissues\en\m1\middle.html --> www.ocdsb.edu.on.ca /woodsweb/worldissues/en/en/m1 middle.html
2003.01.08 17:50 A I:\Geography\WebSite\worldissues\en\m1\top.html --> www.ocdsb.edu.on.ca /woodsweb/worldissues/en/en/m1 top.html
2003.01.08 17:50 B I:\Geography\WebSite\worldissues\en\m1\WS_FTP.LOG --> www.ocdsb.edu.on.ca /woodsweb/worldissues/en/en/m1 WS_FTP.LOG
2003.01.08 17:56 A I:\Geography\WebSite\worldissues\en\m1\bottom.html --> www.ocdsb.edu.on.ca /woodsweb/worldissues/en/m1 bottom.html
2003.01.08 17:56 A I:\Geography\WebSite\worldissues\en\m1\index.html --> www.ocdsb.edu.on.ca /woodsweb/worldissues/en/m1 index.html
2003.01.08 17:56 A I:\Geography\WebSite\worldissues\en\m1\top.html --> www.ocdsb.edu.on.ca /woodsweb/worldissues/en/m1 top.html
2003.01.08 17:56 B I:\Geography\WebSite\worldissues\en\m1\WS_FTP.LOG --> www.ocdsb.edu.on.ca /woodsweb/worldissues/en/m1 WS_FTP.LOG
2003.01.08 18:11 B I:\Geography\WebSite\worldissues\en\m1\WS_FTP.LOG --> www.ocdsb.edu.on.ca /woodsweb/worldissues/en/m1 WS_FTP.LOG
2003.02.13 15:28 B I:\Geography\WebSite\worldissues\en\m1\bottom.html <-- woodroffe /woodsweb/worldissues/en/m1 bottom.html
2003.02.13 15:28 B I:\Geography\WebSite\worldissues\en\m1\middle.html <-- woodroffe /woodsweb/worldissues/en/m1 middle.html
2003.02.13 15:28 B I:\Geography\WebSite\worldissues\en\m1\top.html <-- woodroffe /woodsweb/worldissues/en/m1 top.html
2003.02.13 16:20 A I:\Geography\WebSite\worldissues\en\m1\index.html --> www.ocdsb.edu.on.ca /School_Sites/woodsweb/worldissues/en/m1 index.html
2003.05.20 16:03 B I:\Geography\WebSite\worldissues\fr\m1\bottom.html <-- woodroffe /woodsweb/worldissues/fr/m1 bottom.html
2003.05.20 16:05 B I:\Geography\WebSite\worldissues\fr\m1\bottom.html --> www.ocdsb.edu.on.ca /woodsweb/worldissues/fr/m1 bottom.html
2003.05.20 16:06 B I:\Geography\WebSite\worldissues\fr\m1\bottom.html --> www.ocdsb.edu.on.ca /woodsweb/worldissues/fr/m1 bottom.html
2003.05.20 16:14 B I:\Geography\WebSite\worldissues\fr\m1\middle.html <-- woodroffe /woodsweb/worldissues/fr/m1 middle.html
2003.05.20 16:23 B I:\Geography\WebSite\worldissues\fr\m1\middle.html --> www.ocdsb.edu.on.ca /woodsweb/worldissues/fr/m1 middle.html
2003.05.20 17:09 B I:\Geography\WebSite\worldissues\fr\m1\middle.html --> www.ocdsb.edu.on.ca /woodsweb/worldissues/fr/m1 middle.html
2003.05.20 17:11 B I:\Geography\WebSite\worldissues\fr\m1\bottom.html --> www.ocdsb.edu.on.ca /woodsweb/worldissues/fr/m1 bottom.html
2003.06.02 17:18 B I:\Geography\WebSite\worldissues\fr\m1\index.html <-- woodroffe /woodsweb/worldissues/fr/m1 index.html
2003.06.02 17:19 B I:\Geography\WebSite\worldissues\fr\m1\top.html <-- woodroffe /woodsweb/worldissues/fr/m1 top.html
2003.06.02 17:23 B I:\Geography\WebSite\worldissues\fr\m1\top.html --> www.ocdsb.edu.on.ca /woodsweb/worldissues/fr/m1 top.html
2003.06.02 17:31 B I:\Geography\WebSite\worldissues\fr\m1\index.html --> www.ocdsb.edu.on.ca /woodsweb/worldissues/fr/m1 index.html
2003.06.02 18:18 B I:\Geography\WebSite\worldissues\fr\m1\top.html <-- woodroffe /woodsweb/worldissues/fr/m1 top.html
2003.06.02 18:19 B I:\Geography\WebSite\worldissues\fr\m1\top.html --> www.ocdsb.edu.on.ca /woodsweb/worldissues/fr/m1 top.html
2003.06.02 19:02 B I:\Geography\WebSite\worldissues\fr\m1\bottom.html --> www.ocdsb.edu.on.ca /woodsweb/worldissues/fr/m1 bottom.html
2003.06.02 19:02 B I:\Geography\WebSite\worldissues\fr\m1\index.html --> www.ocdsb.edu.on.ca /woodsweb/worldissues/fr/m1 index.html
2003.06.02 19:02 B I:\Geography\WebSite\worldissues\fr\m1\top.html --> www.ocdsb.edu.on.ca /woodsweb/worldissues/fr/m1 top.html
2003.06.27 13:21 A I:\Geography\WebSite\worldissues\fr\m1\top.html --> www.ocdsb.edu.on.ca /woodsweb/worldissues/fr/m1 top.html
2003.06.27 13:21 A I:\Geography\WebSite\worldissues\fr\m1\top.html --> www.ocdsb.edu.on.ca /woodsweb/worldissues/fr/m1 top.html
