2002.12.09 16:21 A I:\Geography\WebSite\worldissues\en\cinfo\cida.html <-- woodroffe /woodsweb/worldissues/en/cinfo cida.html
2002.12.09 16:21 A I:\Geography\WebSite\worldissues\en\cinfo\wiam.html <-- woodroffe /woodsweb/worldissues/en/cinfo wiam.html
2003.01.06 10:06 A I:\Geography\WebSite\worldissues\en\cinfo\cida.html --> www.ocdsb.edu.on.ca /woodsweb/worldissues/en/cinfo cida.html
2003.01.06 10:06 A I:\Geography\WebSite\worldissues\en\cinfo\wiam.html --> www.ocdsb.edu.on.ca /woodsweb/worldissues/en/cinfo wiam.html
2003.01.06 10:06 B I:\Geography\WebSite\worldissues\en\cinfo\WS_FTP.LOG --> www.ocdsb.edu.on.ca /woodsweb/worldissues/en/cinfo WS_FTP.LOG
2003.01.07 08:51 A I:\Geography\WebSite\worldissues\en\cinfo\cida.html <-- woodsweb /woodsweb/worldissues/en/cinfo cida.html
2003.01.07 08:51 A I:\Geography\WebSite\worldissues\en\cinfo\wiam.html <-- woodsweb /woodsweb/worldissues/en/cinfo wiam.html
2003.01.07 09:05 B I:\Geography\WebSite\worldissues\en\cinfo\WS_FTP.LOG --> www.ocdsb.edu.on.ca /woodsweb/worldissues/en/cinfo WS_FTP.LOG
2003.01.08 10:24 B I:\Geography\WebSite\worldissues\en\cinfo\WS_FTP.LOG <-- woodsweb /woodsweb/worldissues/en/cinfo WS_FTP.LOG
2003.01.08 17:24 B I:\Geography\WebSite\worldissues\en\cinfo\WS_FTP.LOG --> www.ocdsb.edu.on.ca /woodsweb/worldissues/en/cinfo WS_FTP.LOG
2003.01.08 17:34 B I:\Geography\WebSite\worldissues\en\cinfo\WS_FTP.LOG --> www.ocdsb.edu.on.ca /woodsweb/worldissues/en/cinfo WS_FTP.LOG
2003.01.08 17:44 B I:\Geography\WebSite\worldissues\en\cinfo\WS_FTP.LOG --> www.ocdsb.edu.on.ca /woodsweb/worldissues/en/cinfo WS_FTP.LOG
2003.01.08 17:49 A I:\Geography\WebSite\worldissues\en\cinfo\cida.html --> www.ocdsb.edu.on.ca /woodsweb/worldissues/en/en/cinfo cida.html
2003.01.08 17:49 B I:\Geography\WebSite\worldissues\en\cinfo\ESRI Canada.doc --> www.ocdsb.edu.on.ca /woodsweb/worldissues/en/en/cinfo ESRI Canada.doc
2003.01.08 17:49 A I:\Geography\WebSite\worldissues\en\cinfo\esri.html --> www.ocdsb.edu.on.ca /woodsweb/worldissues/en/en/cinfo esri.html
2003.01.08 17:49 A I:\Geography\WebSite\worldissues\en\cinfo\geoinsight.html --> www.ocdsb.edu.on.ca /woodsweb/worldissues/en/en/cinfo geoinsight.html
2003.01.08 17:49 A I:\Geography\WebSite\worldissues\en\cinfo\whs.html --> www.ocdsb.edu.on.ca /woodsweb/worldissues/en/en/cinfo whs.html
2003.01.08 17:49 A I:\Geography\WebSite\worldissues\en\cinfo\wiam.html --> www.ocdsb.edu.on.ca /woodsweb/worldissues/en/en/cinfo wiam.html
2003.01.08 17:49 B I:\Geography\WebSite\worldissues\en\cinfo\WS_FTP.LOG --> www.ocdsb.edu.on.ca /woodsweb/worldissues/en/en/cinfo WS_FTP.LOG
2003.01.08 17:55 B I:\Geography\WebSite\worldissues\en\cinfo\WS_FTP.LOG --> www.ocdsb.edu.on.ca /woodsweb/worldissues/en/cinfo WS_FTP.LOG
2003.01.08 18:11 B I:\Geography\WebSite\worldissues\en\cinfo\WS_FTP.LOG --> www.ocdsb.edu.on.ca /woodsweb/worldissues/en/cinfo WS_FTP.LOG
2003.01.08 18:43 A I:\Geography\WebSite\worldissues\en\cinfo\cida.html --> www.ocdsb.edu.on.ca /woodsweb/worldissues/en/cinfo cida.html
2003.01.08 18:43 A I:\Geography\WebSite\worldissues\en\cinfo\esri.html --> www.ocdsb.edu.on.ca /woodsweb/worldissues/en/cinfo esri.html
2003.01.15 19:04 A I:\Geography\WebSite\worldissues\en\cinfo\geoinsight.html --> www.ocdsb.edu.on.ca /woodsweb/worldissues/en/cinfo geoinsight.html
