2003.01.08 10:25 A I:\Geography\WebSite\worldissues\en\m1\u2\bottom.html <-- woodsweb /woodsweb/worldissues/en/m1/u2 bottom.html
2003.01.08 10:25 A I:\Geography\WebSite\worldissues\en\m1\u2\index.html <-- woodsweb /woodsweb/worldissues/en/m1/u2 index.html
2003.01.08 10:25 A I:\Geography\WebSite\worldissues\en\m1\u2\middle.html <-- woodsweb /woodsweb/worldissues/en/m1/u2 middle.html
2003.01.08 10:25 A I:\Geography\WebSite\worldissues\en\m1\u2\top.html <-- woodsweb /woodsweb/worldissues/en/m1/u2 top.html
2003.01.08 10:44 A I:\Geography\WebSite\worldissues\en\m1\u2\bottom.html --> www.ocdsb.edu.on.ca /woodsweb/worldissues/en/m1/u2 bottom.html
2003.01.08 10:44 A I:\Geography\WebSite\worldissues\en\m1\u2\index.html --> www.ocdsb.edu.on.ca /woodsweb/worldissues/en/m1/u2 index.html
2003.01.08 10:44 B I:\Geography\WebSite\worldissues\en\m1\u2\WS_FTP.LOG --> www.ocdsb.edu.on.ca /woodsweb/worldissues/en/m1/u2 WS_FTP.LOG
2003.01.08 17:24 A I:\Geography\WebSite\worldissues\en\m1\u2\bottom.html --> www.ocdsb.edu.on.ca /woodsweb/worldissues/en/m1/u2 bottom.html
2003.01.08 17:24 A I:\Geography\WebSite\worldissues\en\m1\u2\index.html --> www.ocdsb.edu.on.ca /woodsweb/worldissues/en/m1/u2 index.html
2003.01.08 17:24 A I:\Geography\WebSite\worldissues\en\m1\u2\top.html --> www.ocdsb.edu.on.ca /woodsweb/worldissues/en/m1/u2 top.html
2003.01.08 17:24 B I:\Geography\WebSite\worldissues\en\m1\u2\WS_FTP.LOG --> www.ocdsb.edu.on.ca /woodsweb/worldissues/en/m1/u2 WS_FTP.LOG
2003.01.08 17:35 A I:\Geography\WebSite\worldissues\en\m1\u2\bottom.html --> www.ocdsb.edu.on.ca /woodsweb/worldissues/en/m1/u2 bottom.html
2003.01.08 17:35 A I:\Geography\WebSite\worldissues\en\m1\u2\index.html --> www.ocdsb.edu.on.ca /woodsweb/worldissues/en/m1/u2 index.html
2003.01.08 17:35 B I:\Geography\WebSite\worldissues\en\m1\u2\WS_FTP.LOG --> www.ocdsb.edu.on.ca /woodsweb/worldissues/en/m1/u2 WS_FTP.LOG
2003.01.08 17:45 A I:\Geography\WebSite\worldissues\en\m1\u2\bottom.html --> www.ocdsb.edu.on.ca /woodsweb/worldissues/en/m1/u2 bottom.html
2003.01.08 17:45 A I:\Geography\WebSite\worldissues\en\m1\u2\top.html --> www.ocdsb.edu.on.ca /woodsweb/worldissues/en/m1/u2 top.html
2003.01.08 17:45 B I:\Geography\WebSite\worldissues\en\m1\u2\WS_FTP.LOG --> www.ocdsb.edu.on.ca /woodsweb/worldissues/en/m1/u2 WS_FTP.LOG
2003.01.08 17:50 A I:\Geography\WebSite\worldissues\en\m1\u2\bottom.html --> www.ocdsb.edu.on.ca /woodsweb/worldissues/en/en/m1/u2 bottom.html
2003.01.08 17:50 A I:\Geography\WebSite\worldissues\en\m1\u2\index.html --> www.ocdsb.edu.on.ca /woodsweb/worldissues/en/en/m1/u2 index.html
2003.01.08 17:50 A I:\Geography\WebSite\worldissues\en\m1\u2\middle.html --> www.ocdsb.edu.on.ca /woodsweb/worldissues/en/en/m1/u2 middle.html
2003.01.08 17:50 A I:\Geography\WebSite\worldissues\en\m1\u2\top.html --> www.ocdsb.edu.on.ca /woodsweb/worldissues/en/en/m1/u2 top.html
2003.01.08 17:50 B I:\Geography\WebSite\worldissues\en\m1\u2\WS_FTP.LOG --> www.ocdsb.edu.on.ca /woodsweb/worldissues/en/en/m1/u2 WS_FTP.LOG
2003.01.08 17:56 A I:\Geography\WebSite\worldissues\en\m1\u2\top.html --> www.ocdsb.edu.on.ca /woodsweb/worldissues/en/m1/u2 top.html
2003.01.08 17:56 B I:\Geography\WebSite\worldissues\en\m1\u2\WS_FTP.LOG --> www.ocdsb.edu.on.ca /woodsweb/worldissues/en/m1/u2 WS_FTP.LOG
2003.01.08 18:11 A I:\Geography\WebSite\worldissues\en\m1\u2\bottom.html --> www.ocdsb.edu.on.ca /woodsweb/worldissues/en/m1/u2 bottom.html
2003.01.08 18:11 B I:\Geography\WebSite\worldissues\en\m1\u2\WS_FTP.LOG --> www.ocdsb.edu.on.ca /woodsweb/worldissues/en/m1/u2 WS_FTP.LOG
2003.01.15 16:35 A I:\Geography\WebSite\worldissues\en\m1\u2\middle.html <-- woodsweb /woodsweb/worldissues/en/m1/u2 middle.html
2003.01.15 18:49 A I:\Geography\WebSite\worldissues\en\m1\u2\index.html --> www.ocdsb.edu.on.ca /woodsweb/worldissues/en/m1/u2 index.html
2003.01.15 18:49 B I:\Geography\WebSite\worldissues\en\m1\u2\WS_FTP.LOG --> www.ocdsb.edu.on.ca /woodsweb/worldissues/en/m1/u2 WS_FTP.LOG
2003.01.15 19:05 B I:\Geography\WebSite\worldissues\en\m1\u2\WS_FTP.LOG --> www.ocdsb.edu.on.ca /woodsweb/worldissues/en/m1/u2 WS_FTP.LOG
2003.02.13 15:27 B I:\Geography\WebSite\worldissues\en\m1\u2\WS_FTP.LOG <-- woodroffe /woodsweb/worldissues/en/m1/u2 WS_FTP.LOG
2003.02.13 16:19 B I:\Geography\WebSite\worldissues\en\m1\u2\WS_FTP.LOG --> www.ocdsb.edu.on.ca /School_Sites/woodsweb/worldissues/en/m1/u2 WS_FTP.LOG
