2003.01.07 13:10 A I:\Geography\WebSite\worldissues\en\main.html --> www.ocdsb.edu.on.ca /woodsweb/worldissues/en main.html
2003.01.07 13:10 A I:\Geography\WebSite\worldissues\en\middle.html --> www.ocdsb.edu.on.ca /woodsweb/worldissues/en middle.html
2003.01.07 13:10 A I:\Geography\WebSite\worldissues\en\top.html --> www.ocdsb.edu.on.ca /woodsweb/worldissues/en top.html
2003.01.07 13:17 A I:\Geography\WebSite\worldissues\en\test.html --> www.ocdsb.edu.on.ca /woodsweb/worldissues/en test.html
2003.01.07 13:19 A I:\Geography\WebSite\worldissues\en\test.html --> www.ocdsb.edu.on.ca /woodsweb/worldissues/en test.html
2003.01.07 13:28 A I:\Geography\WebSite\worldissues\en\main.html --> www.ocdsb.edu.on.ca /woodsweb/worldissues/en main.html
2003.01.07 13:28 A I:\Geography\WebSite\worldissues\en\middle.html --> www.ocdsb.edu.on.ca /woodsweb/worldissues/en middle.html
2003.01.07 13:28 A I:\Geography\WebSite\worldissues\en\top.html --> www.ocdsb.edu.on.ca /woodsweb/worldissues/en top.html
2003.01.07 13:33 A I:\Geography\WebSite\worldissues\en\main.html --> www.ocdsb.edu.on.ca /woodsweb/worldissues/en main.html
2003.01.07 13:33 A I:\Geography\WebSite\worldissues\en\middle.html --> www.ocdsb.edu.on.ca /woodsweb/worldissues/en middle.html
2003.01.07 13:33 A I:\Geography\WebSite\worldissues\en\top.html --> www.ocdsb.edu.on.ca /woodsweb/worldissues/en top.html
2003.01.07 13:33 A I:\Geography\WebSite\worldissues\en\main.html --> www.ocdsb.edu.on.ca /woodsweb/worldissues/en main.html
2003.01.07 13:33 A I:\Geography\WebSite\worldissues\en\middle.html --> www.ocdsb.edu.on.ca /woodsweb/worldissues/en middle.html
2003.01.07 13:33 A I:\Geography\WebSite\worldissues\en\top.html --> www.ocdsb.edu.on.ca /woodsweb/worldissues/en top.html
2003.01.07 13:35 A I:\Geography\WebSite\worldissues\en\main.html --> www.ocdsb.edu.on.ca /woodsweb/worldissues/en main.html
2003.01.07 13:35 A I:\Geography\WebSite\worldissues\en\middle.html --> www.ocdsb.edu.on.ca /woodsweb/worldissues/en middle.html
2003.01.07 13:35 A I:\Geography\WebSite\worldissues\en\top.html --> www.ocdsb.edu.on.ca /woodsweb/worldissues/en top.html
2003.01.07 13:36 A I:\Geography\WebSite\worldissues\en\main.html --> www.ocdsb.edu.on.ca /woodsweb/worldissues/en main.html
2003.01.07 13:36 A I:\Geography\WebSite\worldissues\en\middle.html --> www.ocdsb.edu.on.ca /woodsweb/worldissues/en middle.html
2003.01.07 13:36 A I:\Geography\WebSite\worldissues\en\top.html --> www.ocdsb.edu.on.ca /woodsweb/worldissues/en top.html
2003.01.07 13:37 A I:\Geography\WebSite\worldissues\en\bottom.html --> www.ocdsb.edu.on.ca /woodsweb/worldissues/en bottom.html
2003.01.07 13:37 A I:\Geography\WebSite\worldissues\en\main.html --> www.ocdsb.edu.on.ca /woodsweb/worldissues/en main.html
2003.01.07 13:37 A I:\Geography\WebSite\worldissues\en\middle.html --> www.ocdsb.edu.on.ca /woodsweb/worldissues/en middle.html
2003.01.07 13:37 A I:\Geography\WebSite\worldissues\en\top.html --> www.ocdsb.edu.on.ca /woodsweb/worldissues/en top.html
2003.01.08 10:25 A I:\Geography\WebSite\worldissues\en\bottom.html <-- woodsweb /woodsweb/worldissues/en bottom.html
2003.01.08 10:25 A I:\Geography\WebSite\worldissues\en\index.html <-- woodsweb /woodsweb/worldissues/en index.html
2003.01.08 10:25 A I:\Geography\WebSite\worldissues\en\main.html <-- woodsweb /woodsweb/worldissues/en main.html
2003.01.08 10:25 A I:\Geography\WebSite\worldissues\en\middle.html <-- woodsweb /woodsweb/worldissues/en middle.html
2003.01.08 10:25 A I:\Geography\WebSite\worldissues\en\top.html <-- woodsweb /woodsweb/worldissues/en top.html
2003.01.08 16:19 B I:\Geography\WebSite\worldissues\en\index.html --> www.ocdsb.edu.on.ca /woodsweb/worldissues/en index.html
2003.01.08 16:19 A I:\Geography\WebSite\worldissues\en\index.html --> www.ocdsb.edu.on.ca /woodsweb/worldissues/en index.html
2003.01.08 16:22 A I:\Geography\WebSite\worldissues\en\index.html --> www.ocdsb.edu.on.ca /woodsweb/worldissues/en index.html
2003.01.08 16:23 A I:\Geography\WebSite\worldissues\en\index.html --> www.ocdsb.edu.on.ca /woodsweb/worldissues/en index.html
2003.01.08 17:24 B I:\Geography\WebSite\worldissues\en\ESRI Canada.doc --> www.ocdsb.edu.on.ca /woodsweb/worldissues/en ESRI Canada.doc
2003.01.08 17:24 A I:\Geography\WebSite\worldissues\en\main.html --> www.ocdsb.edu.on.ca /woodsweb/worldissues/en main.html
2003.01.08 17:25 A I:\Geography\WebSite\worldissues\en\test.html --> www.ocdsb.edu.on.ca /woodsweb/worldissues/en test.html
2003.01.08 17:25 A I:\Geography\WebSite\worldissues\en\top.html --> www.ocdsb.edu.on.ca /woodsweb/worldissues/en top.html
2003.01.08 17:25 B I:\Geography\WebSite\worldissues\en\WS_FTP.LOG --> www.ocdsb.edu.on.ca /woodsweb/worldissues/en WS_FTP.LOG
2003.01.08 17:35 B I:\Geography\WebSite\worldissues\en\WS_FTP.LOG --> www.ocdsb.edu.on.ca /woodsweb/worldissues/en WS_FTP.LOG
2003.01.08 17:45 A I:\Geography\WebSite\worldissues\en\main.html --> www.ocdsb.edu.on.ca /woodsweb/worldissues/en main.html
2003.01.08 17:45 A I:\Geography\WebSite\worldissues\en\top.html --> www.ocdsb.edu.on.ca /woodsweb/worldissues/en top.html
2003.01.08 17:45 B I:\Geography\WebSite\worldissues\en\WS_FTP.LOG --> www.ocdsb.edu.on.ca /woodsweb/worldissues/en WS_FTP.LOG
2003.01.08 17:50 A I:\Geography\WebSite\worldissues\en\bottom.html --> www.ocdsb.edu.on.ca /woodsweb/worldissues/en/en bottom.html
2003.01.08 17:50 B I:\Geography\WebSite\worldissues\en\ESRI Canada.doc --> www.ocdsb.edu.on.ca /woodsweb/worldissues/en/en ESRI Canada.doc
2003.01.08 17:50 A I:\Geography\WebSite\worldissues\en\index.html --> www.ocdsb.edu.on.ca /woodsweb/worldissues/en/en index.html
2003.01.08 17:50 A I:\Geography\WebSite\worldissues\en\main.html --> www.ocdsb.edu.on.ca /woodsweb/worldissues/en/en main.html
2003.01.08 17:50 A I:\Geography\WebSite\worldissues\en\middle.html --> www.ocdsb.edu.on.ca /woodsweb/worldissues/en/en middle.html
2003.01.08 17:50 A I:\Geography\WebSite\worldissues\en\test.html --> www.ocdsb.edu.on.ca /woodsweb/worldissues/en/en test.html
2003.01.08 17:50 A I:\Geography\WebSite\worldissues\en\top.html --> www.ocdsb.edu.on.ca /woodsweb/worldissues/en/en top.html
2003.01.08 17:50 B I:\Geography\WebSite\worldissues\en\WS_FTP.LOG --> www.ocdsb.edu.on.ca /woodsweb/worldissues/en/en WS_FTP.LOG
2003.01.08 17:56 A I:\Geography\WebSite\worldissues\en\bottom.html --> www.ocdsb.edu.on.ca /woodsweb/worldissues/en bottom.html
2003.01.08 17:56 A I:\Geography\WebSite\worldissues\en\main.html --> www.ocdsb.edu.on.ca /woodsweb/worldissues/en main.html
2003.01.08 17:56 A I:\Geography\WebSite\worldissues\en\top.html --> www.ocdsb.edu.on.ca /woodsweb/worldissues/en top.html
2003.01.08 17:56 B I:\Geography\WebSite\worldissues\en\WS_FTP.LOG --> www.ocdsb.edu.on.ca /woodsweb/worldissues/en WS_FTP.LOG
2003.01.08 18:12 B I:\Geography\WebSite\worldissues\en\WS_FTP.LOG --> www.ocdsb.edu.on.ca /woodsweb/worldissues/en WS_FTP.LOG
2003.02.13 15:33 B I:\Geography\WebSite\worldissues\en\bottom.html <-- woodroffe /woodsweb/worldissues/en bottom.html
2003.02.13 15:33 B I:\Geography\WebSite\worldissues\en\ESRI Canada.doc <-- woodroffe /woodsweb/worldissues/en ESRI Canada.doc
2003.02.13 15:33 B I:\Geography\WebSite\worldissues\en\index.html <-- woodroffe /woodsweb/worldissues/en index.html
2003.02.13 15:33 B I:\Geography\WebSite\worldissues\en\main.html <-- woodroffe /woodsweb/worldissues/en main.html
2003.02.13 15:33 B I:\Geography\WebSite\worldissues\en\middle.html <-- woodroffe /woodsweb/worldissues/en middle.html
2003.02.13 15:33 B I:\Geography\WebSite\worldissues\en\test.html <-- woodroffe /woodsweb/worldissues/en test.html
2003.02.13 15:33 B I:\Geography\WebSite\worldissues\en\top.html <-- woodroffe /woodsweb/worldissues/en top.html
2003.02.13 15:48 B I:\Geography\WebSite\worldissues\en\index.html --> www.ocdsb.edu.on.ca /woodsweb/worldissues/en index.html
2003.02.13 15:52 B I:\Geography\WebSite\worldissues\en\main.html --> www.ocdsb.edu.on.ca /woodsweb/worldissues/en main.html
2003.02.13 16:21 A I:\Geography\WebSite\worldissues\en\middle.html --> www.ocdsb.edu.on.ca /School_Sites/woodsweb/worldissues/en middle.html
2003.02.13 16:21 B I:\Geography\WebSite\worldissues\en\WS_FTP.LOG --> www.ocdsb.edu.on.ca /School_Sites/woodsweb/worldissues/en WS_FTP.LOG
2003.02.13 16:35 B I:\Geography\WebSite\worldissues\en\middle.html <-- wood /woodsweb/worldissues/en middle.html
2003.07.22 21:30 A C:\worldissues\en\middle.html --> www.ocdsb.edu.on.ca /woodsweb/worldissues/en middle.html
2003.07.22 21:35 A C:\worldissues\en\middle.html --> www.ocdsb.edu.on.ca /woodsweb/worldissues/en middle.html
2003.07.22 21:35 A C:\worldissues\en\middle.html --> www.ocdsb.edu.on.ca /woodsweb/worldissues/en middle.html
2003.07.22 21:37 A C:\worldissues\en\middle.html --> www.ocdsb.edu.on.ca /woodsweb/worldissues/en middle.html
