2002.12.09 16:21 A I:\Geography\WebSite\worldissues\fr\index.html <-- woodroffe /woodsweb/worldissues/fr index.html
2003.01.06 10:06 A I:\Geography\WebSite\worldissues\fr\index.html --> www.ocdsb.edu.on.ca /woodsweb/worldissues/fr index.html
2003.01.06 10:06 B I:\Geography\WebSite\worldissues\fr\WS_FTP.LOG --> www.ocdsb.edu.on.ca /woodsweb/worldissues/fr WS_FTP.LOG
2003.01.07 08:51 A I:\Geography\WebSite\worldissues\fr\index.html <-- woodsweb /woodsweb/worldissues/fr index.html
2003.01.07 09:06 B I:\Geography\WebSite\worldissues\fr\WS_FTP.LOG --> www.ocdsb.edu.on.ca /woodsweb/worldissues/fr WS_FTP.LOG
2003.05.20 15:57 B I:\Geography\WebSite\worldissues\fr\index2.html <-- woodroffe /woodsweb/worldissues/fr index2.html
2003.05.20 15:58 B I:\Geography\WebSite\worldissues\fr\index2.html --> www.ocdsb.edu.on.ca /woodsweb/worldissues/fr index2.html
2003.05.20 15:58 B I:\Geography\WebSite\worldissues\fr\index2.html --> www.ocdsb.edu.on.ca /woodsweb/worldissues/fr index2.html
2003.05.20 15:59 B I:\Geography\WebSite\worldissues\fr\index2.html --> www.ocdsb.edu.on.ca /woodsweb/worldissues/fr index2.html
2003.05.20 15:59 B I:\Geography\WebSite\worldissues\fr\index2.html <-- woodroffe /woodsweb/worldissues/fr index2.html
2003.05.20 16:00 B I:\Geography\WebSite\worldissues\fr\index2.html --> www.ocdsb.edu.on.ca /woodsweb/worldissues/fr index2.html
2003.05.20 16:24 B I:\Geography\WebSite\worldissues\fr\index2.html <-- woodroffe /woodsweb/worldissues/fr index2.html
2003.05.20 16:24 B I:\Geography\WebSite\worldissues\fr\index2.html --> www.ocdsb.edu.on.ca /woodsweb/worldissues/fr index2.html
2003.05.20 16:25 B I:\Geography\WebSite\worldissues\fr\index.html <-- woodroffe /woodsweb/worldissues/fr index.html
2003.05.20 16:25 B I:\Geography\WebSite\worldissues\fr\main.html <-- woodroffe /woodsweb/worldissues/fr main.html
2003.05.20 16:26 B I:\Geography\WebSite\worldissues\fr\main.html --> www.ocdsb.edu.on.ca /woodsweb/worldissues/fr main.html
2003.05.20 16:27 B I:\Geography\WebSite\worldissues\fr\middle.html <-- woodroffe /woodsweb/worldissues/fr middle.html
2003.05.20 16:28 B I:\Geography\WebSite\worldissues\fr\middle.html --> www.ocdsb.edu.on.ca /woodsweb/worldissues/fr middle.html
2003.05.20 16:28 B I:\Geography\WebSite\worldissues\fr\index2.html <-- woodroffe /woodsweb/worldissues/fr index2.html
2003.05.20 16:29 B I:\Geography\WebSite\worldissues\fr\index2.html --> www.ocdsb.edu.on.ca /woodsweb/worldissues/fr index2.html
2003.05.20 16:32 B I:\Geography\WebSite\worldissues\fr\index2.html --> www.ocdsb.edu.on.ca /woodsweb/worldissues/fr index2.html
2003.05.20 16:35 B I:\Geography\WebSite\worldissues\fr\index2.html --> www.ocdsb.edu.on.ca /woodsweb/worldissues/fr index2.html
2003.05.20 16:38 B I:\Geography\WebSite\worldissues\fr\index2.html --> www.ocdsb.edu.on.ca /woodsweb/worldissues/fr index2.html
2003.05.20 16:49 B I:\Geography\WebSite\worldissues\fr\index2.html --> www.ocdsb.edu.on.ca /woodsweb/worldissues/fr index2.html
2003.05.20 16:51 B I:\Geography\WebSite\worldissues\fr\index2.html --> www.ocdsb.edu.on.ca /woodsweb/worldissues/fr index2.html
2003.05.20 17:03 B I:\Geography\WebSite\worldissues\fr\index2.html <-- woodroffe /woodsweb/worldissues/fr index2.html
2003.05.20 17:04 B I:\Geography\WebSite\worldissues\fr\middle.html --> www.ocdsb.edu.on.ca /woodsweb/worldissues/fr middle.html
2003.05.20 17:13 B I:\Geography\WebSite\worldissues\fr\index2.html --> www.ocdsb.edu.on.ca /woodsweb/worldissues/fr index2.html
2003.05.26 16:30 B I:\Geography\WebSite\worldissues\fr\Copie de travail.doc --> www.ocdsb.edu.on.ca /woodsweb Copie de travail.doc
2003.05.26 16:30 B I:\Geography\WebSite\worldissues\fr\Copie de travail.doc --> www.ocdsb.edu.on.ca /woodsweb/worldissues/fr Copie de travail.doc
2003.06.02 17:04 B I:\Geography\WebSite\worldissues\fr\top.html <-- woodroffe /woodsweb/worldissues/fr top.html
2003.06.02 17:09 B I:\Geography\WebSite\worldissues\fr\top.html --> www.ocdsb.edu.on.ca /woodsweb/worldissues/fr top.html
2003.06.02 17:10 B I:\Geography\WebSite\worldissues\fr\top.html --> www.ocdsb.edu.on.ca /woodsweb/worldissues/fr top.html
2003.06.02 17:13 B I:\Geography\WebSite\worldissues\fr\top.html --> www.ocdsb.edu.on.ca /woodsweb/worldissues/fr top.html
2003.06.02 17:14 B I:\Geography\WebSite\worldissues\fr\top.html --> www.ocdsb.edu.on.ca /woodsweb/worldissues/fr top.html
2003.06.02 17:17 B I:\Geography\WebSite\worldissues\fr\bottom.html --> www.ocdsb.edu.on.ca /woodsweb/worldissues/fr bottom.html
2003.06.02 20:00 B I:\Geography\WebSite\worldissues\fr\top.html --> www.ocdsb.edu.on.ca /woodsweb/worldissues/fr top.html
2003.07.02 14:23 B I:\Geography\WebSite\worldissues\fr\logo_geo_fr.jpg --> www.ocdsb.edu.on.ca /woodsweb/worldissues/fr logo_geo_fr.jpg
2003.07.02 14:23 A I:\Geography\WebSite\worldissues\fr\main.html --> www.ocdsb.edu.on.ca /woodsweb/worldissues/fr main.html
2003.07.22 21:18 A C:\worldissues\fr\middle.html --> www.ocdsb.edu.on.ca /woodsweb/worldissues/fr middle.html
2003.07.22 21:38 A C:\worldissues\fr\middle.html --> www.ocdsb.edu.on.ca /woodsweb/worldissues/fr middle.html
