2003.02.13 15:33 B I:\Geography\WebSite\worldissues\en\m2\bottom.html <-- woodroffe /woodsweb/worldissues/en/m2 bottom.html
2003.02.13 15:33 B I:\Geography\WebSite\worldissues\en\m2\index.html <-- woodroffe /woodsweb/worldissues/en/m2 index.html
2003.02.13 15:33 B I:\Geography\WebSite\worldissues\en\m2\middle.html <-- woodroffe /woodsweb/worldissues/en/m2 middle.html
2003.02.13 16:12 A I:\Geography\WebSite\worldissues\en\m2\middle.html --> www.ocdsb.edu.on.ca /School_Sites/woodsweb/worldissues/en/m2 middle.html
2003.02.13 16:21 A I:\Geography\WebSite\worldissues\en\m2\index.html --> www.ocdsb.edu.on.ca /School_Sites/woodsweb/worldissues/en/m2 index.html
2003.06.02 17:58 B I:\Geography\WebSite\worldissues\fr\m2\index.html <-- woodroffe /woodsweb/worldissues/fr/m2 index.html
2003.06.02 18:01 B I:\Geography\WebSite\worldissues\fr\m2\index.html --> www.ocdsb.edu.on.ca /woodsweb/worldissues/fr/m2 index.html
2003.06.02 18:02 B I:\Geography\WebSite\worldissues\fr\m2\middle.html <-- woodroffe /woodsweb/worldissues/fr/m2 middle.html
2003.06.02 18:02 B I:\Geography\WebSite\worldissues\fr\m2\bottom.html <-- woodroffe /woodsweb/worldissues/fr/m2 bottom.html
2003.06.02 18:02 B I:\Geography\WebSite\worldissues\fr\m2\top.html <-- woodroffe /woodsweb/worldissues/fr/m2 top.html
2003.06.02 18:11 B I:\Geography\WebSite\worldissues\fr\m2\middle.html --> www.ocdsb.edu.on.ca /woodsweb/worldissues/fr/m2 middle.html
2003.06.02 18:12 B I:\Geography\WebSite\worldissues\fr\m2\top.html --> www.ocdsb.edu.on.ca /woodsweb/worldissues/fr/m2 top.html
2003.06.02 18:13 B I:\Geography\WebSite\worldissues\fr\m2\top.html --> www.ocdsb.edu.on.ca /woodsweb/worldissues/fr/m2 top.html
2003.06.02 18:13 B I:\Geography\WebSite\worldissues\fr\m2\top.html --> www.ocdsb.edu.on.ca /woodsweb/worldissues/fr/m2 top.html
2003.06.02 18:14 B I:\Geography\WebSite\worldissues\fr\m2\top.html --> www.ocdsb.edu.on.ca /woodsweb/worldissues/fr/m2 top.html
2003.06.02 18:59 B I:\Geography\WebSite\worldissues\fr\m2\top.html <-- woodroffe /woodsweb/worldissues/fr/m2 top.html
2003.06.02 19:02 B I:\Geography\WebSite\worldissues\fr\m2\top.html --> www.ocdsb.edu.on.ca /woodsweb/worldissues/fr/m2 top.html
2003.06.02 19:14 B I:\Geography\WebSite\worldissues\fr\m2\top.html --> www.ocdsb.edu.on.ca /woodsweb/worldissues/fr/m2 top.html
2003.06.02 19:19 B I:\Geography\WebSite\worldissues\fr\m2\bottom.html --> www.ocdsb.edu.on.ca /woodsweb/worldissues/fr/m2 bottom.html
2003.06.02 19:25 B I:\Geography\WebSite\worldissues\fr\m2\bottom.html --> www.ocdsb.edu.on.ca /woodsweb/worldissues/fr/m2 bottom.html
2003.06.02 19:25 B I:\Geography\WebSite\worldissues\fr\m2\top.html --> www.ocdsb.edu.on.ca /woodsweb/worldissues/fr/m2 top.html
2003.06.02 20:11 B I:\Geography\WebSite\worldissues\fr\m2\middle.html --> www.ocdsb.edu.on.ca /woodsweb/worldissues/fr/m2 middle.html
2003.06.02 20:11 B I:\Geography\WebSite\worldissues\fr\m2\top.html --> www.ocdsb.edu.on.ca /woodsweb/worldissues/fr/m2 top.html
2003.06.02 20:48 B I:\Geography\WebSite\worldissues\fr\m2\middle.html --> www.ocdsb.edu.on.ca /woodsweb/worldissues/fr/m2 middle.html
2003.06.02 20:49 B I:\Geography\WebSite\worldissues\fr\m2\final_map_image_fr.jpg --> www.ocdsb.edu.on.ca /woodsweb/worldissues/fr/m2 final_map_image_fr.jpg
