2003.02.13 16:37 B I:\Geography\WebSite\worldissues\Module_Data\Global economy rough draft\unit 4\GIS data\base.dbf <-- wood /woodsweb/worldissues/Module_Data/Global economy rough draft/unit 4/GIS data base.dbf
2003.02.13 16:37 B I:\Geography\WebSite\worldissues\Module_Data\Global economy rough draft\unit 4\GIS data\base.sbn <-- wood /woodsweb/worldissues/Module_Data/Global economy rough draft/unit 4/GIS data base.sbn
2003.02.13 16:37 B I:\Geography\WebSite\worldissues\Module_Data\Global economy rough draft\unit 4\GIS data\base.sbx <-- wood /woodsweb/worldissues/Module_Data/Global economy rough draft/unit 4/GIS data base.sbx
2003.02.13 16:37 B I:\Geography\WebSite\worldissues\Module_Data\Global economy rough draft\unit 4\GIS data\base.shp <-- wood /woodsweb/worldissues/Module_Data/Global economy rough draft/unit 4/GIS data base.shp
2003.02.13 16:37 B I:\Geography\WebSite\worldissues\Module_Data\Global economy rough draft\unit 4\GIS data\base.shx <-- wood /woodsweb/worldissues/Module_Data/Global economy rough draft/unit 4/GIS data base.shx
2003.02.13 16:37 B I:\Geography\WebSite\worldissues\Module_Data\Global economy rough draft\unit 4\GIS data\ext_debt.dbf <-- wood /woodsweb/worldissues/Module_Data/Global economy rough draft/unit 4/GIS data ext_debt.dbf
2003.02.13 16:37 B I:\Geography\WebSite\worldissues\Module_Data\Global economy rough draft\unit 4\GIS data\ext_debt.sbn <-- wood /woodsweb/worldissues/Module_Data/Global economy rough draft/unit 4/GIS data ext_debt.sbn
2003.02.13 16:37 B I:\Geography\WebSite\worldissues\Module_Data\Global economy rough draft\unit 4\GIS data\ext_debt.sbx <-- wood /woodsweb/worldissues/Module_Data/Global economy rough draft/unit 4/GIS data ext_debt.sbx
2003.02.13 16:37 B I:\Geography\WebSite\worldissues\Module_Data\Global economy rough draft\unit 4\GIS data\ext_debt.shp <-- wood /woodsweb/worldissues/Module_Data/Global economy rough draft/unit 4/GIS data ext_debt.shp
2003.02.13 16:37 B I:\Geography\WebSite\worldissues\Module_Data\Global economy rough draft\unit 4\GIS data\ext_debt.shx <-- wood /woodsweb/worldissues/Module_Data/Global economy rough draft/unit 4/GIS data ext_debt.shx
2003.02.13 16:37 B I:\Geography\WebSite\worldissues\Module_Data\Global economy rough draft\unit 4\GIS data\for_invest.dbf <-- wood /woodsweb/worldissues/Module_Data/Global economy rough draft/unit 4/GIS data for_invest.dbf
2003.02.13 16:37 B I:\Geography\WebSite\worldissues\Module_Data\Global economy rough draft\unit 4\GIS data\for_invest.sbn <-- wood /woodsweb/worldissues/Module_Data/Global economy rough draft/unit 4/GIS data for_invest.sbn
2003.02.13 16:37 B I:\Geography\WebSite\worldissues\Module_Data\Global economy rough draft\unit 4\GIS data\for_invest.sbx <-- wood /woodsweb/worldissues/Module_Data/Global economy rough draft/unit 4/GIS data for_invest.sbx
2003.02.13 16:37 B I:\Geography\WebSite\worldissues\Module_Data\Global economy rough draft\unit 4\GIS data\for_invest.shp <-- wood /woodsweb/worldissues/Module_Data/Global economy rough draft/unit 4/GIS data for_invest.shp
2003.02.13 16:37 B I:\Geography\WebSite\worldissues\Module_Data\Global economy rough draft\unit 4\GIS data\for_invest.shx <-- wood /woodsweb/worldissues/Module_Data/Global economy rough draft/unit 4/GIS data for_invest.shx
2003.02.13 16:37 B I:\Geography\WebSite\worldissues\Module_Data\Global economy rough draft\unit 4\GIS data\gdp_pc.csv <-- wood /woodsweb/worldissues/Module_Data/Global economy rough draft/unit 4/GIS data gdp_pc.csv
2003.02.13 16:37 B I:\Geography\WebSite\worldissues\Module_Data\Global economy rough draft\unit 4\GIS data\gdp_pc.dbf <-- wood /woodsweb/worldissues/Module_Data/Global economy rough draft/unit 4/GIS data gdp_pc.dbf
2003.02.13 16:37 B I:\Geography\WebSite\worldissues\Module_Data\Global economy rough draft\unit 4\GIS data\gdp_pc.sbn <-- wood /woodsweb/worldissues/Module_Data/Global economy rough draft/unit 4/GIS data gdp_pc.sbn
2003.02.13 16:37 B I:\Geography\WebSite\worldissues\Module_Data\Global economy rough draft\unit 4\GIS data\gdp_pc.sbx <-- wood /woodsweb/worldissues/Module_Data/Global economy rough draft/unit 4/GIS data gdp_pc.sbx
2003.02.13 16:37 B I:\Geography\WebSite\worldissues\Module_Data\Global economy rough draft\unit 4\GIS data\gdp_pc.shp <-- wood /woodsweb/worldissues/Module_Data/Global economy rough draft/unit 4/GIS data gdp_pc.shp
2003.02.13 16:37 B I:\Geography\WebSite\worldissues\Module_Data\Global economy rough draft\unit 4\GIS data\gdp_pc.shx <-- wood /woodsweb/worldissues/Module_Data/Global economy rough draft/unit 4/GIS data gdp_pc.shx
2003.02.13 16:37 B I:\Geography\WebSite\worldissues\Module_Data\Global economy rough draft\unit 4\GIS data\gdp_pc.xls <-- wood /woodsweb/worldissues/Module_Data/Global economy rough draft/unit 4/GIS data gdp_pc.xls
2003.02.13 16:38 B I:\Geography\WebSite\worldissues\Module_Data\Global economy rough draft\unit 4\GIS data\gini.dbf <-- wood /woodsweb/worldissues/Module_Data/Global economy rough draft/unit 4/GIS data gini.dbf
2003.02.13 16:38 B I:\Geography\WebSite\worldissues\Module_Data\Global economy rough draft\unit 4\GIS data\gini.sbn <-- wood /woodsweb/worldissues/Module_Data/Global economy rough draft/unit 4/GIS data gini.sbn
2003.02.13 16:38 B I:\Geography\WebSite\worldissues\Module_Data\Global economy rough draft\unit 4\GIS data\gini.sbx <-- wood /woodsweb/worldissues/Module_Data/Global economy rough draft/unit 4/GIS data gini.sbx
2003.02.13 16:38 B I:\Geography\WebSite\worldissues\Module_Data\Global economy rough draft\unit 4\GIS data\gini.shp <-- wood /woodsweb/worldissues/Module_Data/Global economy rough draft/unit 4/GIS data gini.shp
2003.02.13 16:38 B I:\Geography\WebSite\worldissues\Module_Data\Global economy rough draft\unit 4\GIS data\gini.shx <-- wood /woodsweb/worldissues/Module_Data/Global economy rough draft/unit 4/GIS data gini.shx
2003.02.13 16:38 B I:\Geography\WebSite\worldissues\Module_Data\Global economy rough draft\unit 4\GIS data\GINI_index.xls <-- wood /woodsweb/worldissues/Module_Data/Global economy rough draft/unit 4/GIS data GINI_index.xls
2003.02.13 16:38 B I:\Geography\WebSite\worldissues\Module_Data\Global economy rough draft\unit 4\GIS data\poverty.dbf <-- wood /woodsweb/worldissues/Module_Data/Global economy rough draft/unit 4/GIS data poverty.dbf
2003.02.13 16:38 B I:\Geography\WebSite\worldissues\Module_Data\Global economy rough draft\unit 4\GIS data\poverty.sbn <-- wood /woodsweb/worldissues/Module_Data/Global economy rough draft/unit 4/GIS data poverty.sbn
2003.02.13 16:38 B I:\Geography\WebSite\worldissues\Module_Data\Global economy rough draft\unit 4\GIS data\poverty.sbx <-- wood /woodsweb/worldissues/Module_Data/Global economy rough draft/unit 4/GIS data poverty.sbx
2003.02.13 16:38 B I:\Geography\WebSite\worldissues\Module_Data\Global economy rough draft\unit 4\GIS data\poverty.shp <-- wood /woodsweb/worldissues/Module_Data/Global economy rough draft/unit 4/GIS data poverty.shp
2003.02.13 16:38 B I:\Geography\WebSite\worldissues\Module_Data\Global economy rough draft\unit 4\GIS data\poverty.shx <-- wood /woodsweb/worldissues/Module_Data/Global economy rough draft/unit 4/GIS data poverty.shx
2003.02.13 16:38 B I:\Geography\WebSite\worldissues\Module_Data\Global economy rough draft\unit 4\GIS data\poverty.xls <-- wood /woodsweb/worldissues/Module_Data/Global economy rough draft/unit 4/GIS data poverty.xls
