2003.02.13 16:38 B I:\Geography\WebSite\worldissues\Module_Data\Global economy rough draft\unit 4\background.doc <-- wood /woodsweb/worldissues/Module_Data/Global economy rough draft/unit 4 background.doc
2003.02.13 16:38 B I:\Geography\WebSite\worldissues\Module_Data\Global economy rough draft\unit 4\base.dbf <-- wood /woodsweb/worldissues/Module_Data/Global economy rough draft/unit 4 base.dbf
2003.02.13 16:38 B I:\Geography\WebSite\worldissues\Module_Data\Global economy rough draft\unit 4\base.sbn <-- wood /woodsweb/worldissues/Module_Data/Global economy rough draft/unit 4 base.sbn
2003.02.13 16:38 B I:\Geography\WebSite\worldissues\Module_Data\Global economy rough draft\unit 4\base.sbx <-- wood /woodsweb/worldissues/Module_Data/Global economy rough draft/unit 4 base.sbx
2003.02.13 16:38 B I:\Geography\WebSite\worldissues\Module_Data\Global economy rough draft\unit 4\base.shp <-- wood /woodsweb/worldissues/Module_Data/Global economy rough draft/unit 4 base.shp
2003.02.13 16:38 B I:\Geography\WebSite\worldissues\Module_Data\Global economy rough draft\unit 4\base.shx <-- wood /woodsweb/worldissues/Module_Data/Global economy rough draft/unit 4 base.shx
2003.02.13 16:38 B I:\Geography\WebSite\worldissues\Module_Data\Global economy rough draft\unit 4\economy.doc <-- wood /woodsweb/worldissues/Module_Data/Global economy rough draft/unit 4 economy.doc
2003.02.13 16:38 B I:\Geography\WebSite\worldissues\Module_Data\Global economy rough draft\unit 4\ext_debt.dbf <-- wood /woodsweb/worldissues/Module_Data/Global economy rough draft/unit 4 ext_debt.dbf
2003.02.13 16:38 B I:\Geography\WebSite\worldissues\Module_Data\Global economy rough draft\unit 4\ext_debt.sbn <-- wood /woodsweb/worldissues/Module_Data/Global economy rough draft/unit 4 ext_debt.sbn
2003.02.13 16:38 B I:\Geography\WebSite\worldissues\Module_Data\Global economy rough draft\unit 4\ext_debt.sbx <-- wood /woodsweb/worldissues/Module_Data/Global economy rough draft/unit 4 ext_debt.sbx
2003.02.13 16:39 B I:\Geography\WebSite\worldissues\Module_Data\Global economy rough draft\unit 4\ext_debt.shp <-- wood /woodsweb/worldissues/Module_Data/Global economy rough draft/unit 4 ext_debt.shp
2003.02.13 16:39 B I:\Geography\WebSite\worldissues\Module_Data\Global economy rough draft\unit 4\ext_debt.shx <-- wood /woodsweb/worldissues/Module_Data/Global economy rough draft/unit 4 ext_debt.shx
2003.02.13 16:39 B I:\Geography\WebSite\worldissues\Module_Data\Global economy rough draft\unit 4\for_invest.dbf <-- wood /woodsweb/worldissues/Module_Data/Global economy rough draft/unit 4 for_invest.dbf
2003.02.13 16:39 B I:\Geography\WebSite\worldissues\Module_Data\Global economy rough draft\unit 4\for_invest.sbn <-- wood /woodsweb/worldissues/Module_Data/Global economy rough draft/unit 4 for_invest.sbn
2003.02.13 16:39 B I:\Geography\WebSite\worldissues\Module_Data\Global economy rough draft\unit 4\for_invest.sbx <-- wood /woodsweb/worldissues/Module_Data/Global economy rough draft/unit 4 for_invest.sbx
2003.02.13 16:39 B I:\Geography\WebSite\worldissues\Module_Data\Global economy rough draft\unit 4\for_invest.shp <-- wood /woodsweb/worldissues/Module_Data/Global economy rough draft/unit 4 for_invest.shp
2003.02.13 16:39 B I:\Geography\WebSite\worldissues\Module_Data\Global economy rough draft\unit 4\for_invest.shx <-- wood /woodsweb/worldissues/Module_Data/Global economy rough draft/unit 4 for_invest.shx
2003.02.13 16:39 B I:\Geography\WebSite\worldissues\Module_Data\Global economy rough draft\unit 4\gdp_pc.csv <-- wood /woodsweb/worldissues/Module_Data/Global economy rough draft/unit 4 gdp_pc.csv
2003.02.13 16:39 B I:\Geography\WebSite\worldissues\Module_Data\Global economy rough draft\unit 4\gdp_pc.dbf <-- wood /woodsweb/worldissues/Module_Data/Global economy rough draft/unit 4 gdp_pc.dbf
2003.02.13 16:39 B I:\Geography\WebSite\worldissues\Module_Data\Global economy rough draft\unit 4\gdp_pc.sbn <-- wood /woodsweb/worldissues/Module_Data/Global economy rough draft/unit 4 gdp_pc.sbn
2003.02.13 16:39 B I:\Geography\WebSite\worldissues\Module_Data\Global economy rough draft\unit 4\gdp_pc.sbx <-- wood /woodsweb/worldissues/Module_Data/Global economy rough draft/unit 4 gdp_pc.sbx
2003.02.13 16:39 B I:\Geography\WebSite\worldissues\Module_Data\Global economy rough draft\unit 4\gdp_pc.shp <-- wood /woodsweb/worldissues/Module_Data/Global economy rough draft/unit 4 gdp_pc.shp
2003.02.13 16:39 B I:\Geography\WebSite\worldissues\Module_Data\Global economy rough draft\unit 4\gdp_pc.shx <-- wood /woodsweb/worldissues/Module_Data/Global economy rough draft/unit 4 gdp_pc.shx
2003.02.13 16:39 B I:\Geography\WebSite\worldissues\Module_Data\Global economy rough draft\unit 4\gdp_pc.xls <-- wood /woodsweb/worldissues/Module_Data/Global economy rough draft/unit 4 gdp_pc.xls
2003.02.13 16:39 B I:\Geography\WebSite\worldissues\Module_Data\Global economy rough draft\unit 4\GE_data.ZIP <-- wood /woodsweb/worldissues/Module_Data/Global economy rough draft/unit 4 GE_data.ZIP
2003.02.13 16:39 B I:\Geography\WebSite\worldissues\Module_Data\Global economy rough draft\unit 4\GeoInsight Corp_profile.doc <-- wood /woodsweb/worldissues/Module_Data/Global economy rough draft/unit 4 GeoInsight Corp_profile.doc
2003.02.13 16:40 B I:\Geography\WebSite\worldissues\Module_Data\Global economy rough draft\unit 4\gini.dbf <-- wood /woodsweb/worldissues/Module_Data/Global economy rough draft/unit 4 gini.dbf
2003.02.13 16:40 B I:\Geography\WebSite\worldissues\Module_Data\Global economy rough draft\unit 4\gini.sbn <-- wood /woodsweb/worldissues/Module_Data/Global economy rough draft/unit 4 gini.sbn
2003.02.13 16:40 B I:\Geography\WebSite\worldissues\Module_Data\Global economy rough draft\unit 4\gini.sbx <-- wood /woodsweb/worldissues/Module_Data/Global economy rough draft/unit 4 gini.sbx
2003.02.13 16:40 B I:\Geography\WebSite\worldissues\Module_Data\Global economy rough draft\unit 4\gini.shp <-- wood /woodsweb/worldissues/Module_Data/Global economy rough draft/unit 4 gini.shp
2003.02.13 16:40 B I:\Geography\WebSite\worldissues\Module_Data\Global economy rough draft\unit 4\gini.shx <-- wood /woodsweb/worldissues/Module_Data/Global economy rough draft/unit 4 gini.shx
2003.02.13 16:40 B I:\Geography\WebSite\worldissues\Module_Data\Global economy rough draft\unit 4\GINI_index.xls <-- wood /woodsweb/worldissues/Module_Data/Global economy rough draft/unit 4 GINI_index.xls
2003.02.13 16:40 B I:\Geography\WebSite\worldissues\Module_Data\Global economy rough draft\unit 4\Lesson Objectives.doc <-- wood /woodsweb/worldissues/Module_Data/Global economy rough draft/unit 4 Lesson Objectives.doc
2003.02.13 16:40 B I:\Geography\WebSite\worldissues\Module_Data\Global economy rough draft\unit 4\lesson.doc <-- wood /woodsweb/worldissues/Module_Data/Global economy rough draft/unit 4 lesson.doc
2003.02.13 16:40 B I:\Geography\WebSite\worldissues\Module_Data\Global economy rough draft\unit 4\poverty.dbf <-- wood /woodsweb/worldissues/Module_Data/Global economy rough draft/unit 4 poverty.dbf
2003.02.13 16:40 B I:\Geography\WebSite\worldissues\Module_Data\Global economy rough draft\unit 4\poverty.sbn <-- wood /woodsweb/worldissues/Module_Data/Global economy rough draft/unit 4 poverty.sbn
2003.02.13 16:40 B I:\Geography\WebSite\worldissues\Module_Data\Global economy rough draft\unit 4\poverty.sbx <-- wood /woodsweb/worldissues/Module_Data/Global economy rough draft/unit 4 poverty.sbx
2003.02.13 16:40 B I:\Geography\WebSite\worldissues\Module_Data\Global economy rough draft\unit 4\poverty.shp <-- wood /woodsweb/worldissues/Module_Data/Global economy rough draft/unit 4 poverty.shp
2003.02.13 16:40 B I:\Geography\WebSite\worldissues\Module_Data\Global economy rough draft\unit 4\poverty.shx <-- wood /woodsweb/worldissues/Module_Data/Global economy rough draft/unit 4 poverty.shx
2003.02.13 16:40 B I:\Geography\WebSite\worldissues\Module_Data\Global economy rough draft\unit 4\poverty.xls <-- wood /woodsweb/worldissues/Module_Data/Global economy rough draft/unit 4 poverty.xls
2003.02.13 16:40 B I:\Geography\WebSite\worldissues\Module_Data\Global economy rough draft\unit 4\Reference Material.doc <-- wood /woodsweb/worldissues/Module_Data/Global economy rough draft/unit 4 Reference Material.doc
